2022-08-26 17:51:49,072 [Worker-3: Loading available Gradle versions] INFO  o.e.b.c.i.u.g.PublishedGradleVersions - Gradle version information cache is out-of-date. Trying to update.
2022-08-26 20:47:22,559 [Worker-3: Loading available Gradle versions] INFO  o.e.b.c.i.u.g.PublishedGradleVersions - Gradle version information cache is up-to-date. Trying to read.
2022-08-29 13:54:01,192 [Worker-4: Loading available Gradle versions] INFO  o.e.b.c.i.u.g.PublishedGradleVersions - Gradle version information cache is up-to-date. Trying to read.
2022-08-30 13:55:53,069 [Worker-4: Loading available Gradle versions] INFO  o.e.b.c.i.u.g.PublishedGradleVersions - Gradle version information cache is up-to-date. Trying to read.
2022-08-30 18:05:42,722 [Worker-3: Loading available Gradle versions] INFO  o.e.b.c.i.u.g.PublishedGradleVersions - Gradle version information cache is up-to-date. Trying to read.
2022-08-30 19:58:44,126 [Worker-1: Loading available Gradle versions] INFO  o.e.b.c.i.u.g.PublishedGradleVersions - Gradle version information cache is up-to-date. Trying to read.
2022-08-31 13:55:56,592 [Worker-7: Loading available Gradle versions] INFO  o.e.b.c.i.u.g.PublishedGradleVersions - Gradle version information cache is out-of-date. Trying to update.
2022-08-31 18:24:43,035 [Worker-5: Loading available Gradle versions] INFO  o.e.b.c.i.u.g.PublishedGradleVersions - Gradle version information cache is up-to-date. Trying to read.
2022-08-31 18:29:29,222 [Worker-6: Loading available Gradle versions] INFO  o.e.b.c.i.u.g.PublishedGradleVersions - Gradle version information cache is up-to-date. Trying to read.
2022-09-01 13:53:45,356 [Worker-7: Loading available Gradle versions] INFO  o.e.b.c.i.u.g.PublishedGradleVersions - Gradle version information cache is up-to-date. Trying to read.
2022-09-02 13:55:55,054 [Worker-8: Loading available Gradle versions] INFO  o.e.b.c.i.u.g.PublishedGradleVersions - Gradle version information cache is up-to-date. Trying to read.
2022-09-05 13:50:44,567 [Worker-8: Loading available Gradle versions] INFO  o.e.b.c.i.u.g.PublishedGradleVersions - Gradle version information cache is up-to-date. Trying to read.
2022-09-05 14:59:45,411 [Worker-5: Loading available Gradle versions] INFO  o.e.b.c.i.u.g.PublishedGradleVersions - Gradle version information cache is up-to-date. Trying to read.
2022-09-05 17:39:05,380 [Start Help Server] INFO  org.eclipse.jetty.util.log - Logging initialized @9569448ms to org.eclipse.jetty.util.log.Slf4jLog
2022-09-05 17:39:05,496 [Start Help Server] INFO  org.eclipse.jetty.server.Server - jetty-9.4.37.v20210219; built: 2021-02-23T06:49:41.320Z; git: 27afab2bd37780d179836e313e0fe11bc4fa0ce9; jvm 18.0.2.1+1-1
2022-09-05 17:39:05,511 [Start Help Server] INFO  org.eclipse.jetty.server.session - DefaultSessionIdManager workerName=node0
2022-09-05 17:39:05,511 [Start Help Server] INFO  org.eclipse.jetty.server.session - No SessionScavenger set, using defaults
2022-09-05 17:39:05,512 [Start Help Server] INFO  org.eclipse.jetty.server.session - node0 Scavenging every 600000ms
2022-09-05 17:39:05,530 [Start Help Server] INFO  o.e.j.server.handler.ContextHandler - Started o.e.j.s.ServletContextHandler@65015cd0{/help,null,AVAILABLE}
2022-09-05 17:39:05,543 [Start Help Server] INFO  o.e.jetty.server.AbstractConnector - Started ServerConnector@2d0eae47{HTTP/1.1, (http/1.1)}{127.0.0.1:60612}
2022-09-05 17:39:05,543 [Start Help Server] INFO  org.eclipse.jetty.server.Server - Started @9569616ms
2022-09-05 17:39:05,543 [Start Help Server] INFO  org.eclipse.jetty.server.session - node0 Scavenging every 600000ms
2022-09-05 21:00:46,686 [Stop Help Server] INFO  o.e.jetty.server.AbstractConnector - Stopped ServerConnector@2d0eae47{HTTP/1.1, (http/1.1)}{127.0.0.1:0}
2022-09-05 21:00:46,688 [Stop Help Server] INFO  org.eclipse.jetty.server.session - node0 Stopped scavenging
2022-09-05 21:00:46,691 [Stop Help Server] INFO  o.e.j.server.handler.ContextHandler - Stopped o.e.j.s.ServletContextHandler@65015cd0{/help,null,STOPPED}
2022-09-06 13:23:19,052 [Worker-7: Loading available Gradle versions] INFO  o.e.b.c.i.u.g.PublishedGradleVersions - Gradle version information cache is out-of-date. Trying to update.
2022-09-06 14:08:50,209 [Start Help Server] INFO  org.eclipse.jetty.util.log - Logging initialized @2754539ms to org.eclipse.jetty.util.log.Slf4jLog
2022-09-06 14:08:50,326 [Start Help Server] INFO  org.eclipse.jetty.server.Server - jetty-9.4.37.v20210219; built: 2021-02-23T06:49:41.320Z; git: 27afab2bd37780d179836e313e0fe11bc4fa0ce9; jvm 18.0.2.1+1-1
2022-09-06 14:08:50,340 [Start Help Server] INFO  org.eclipse.jetty.server.session - DefaultSessionIdManager workerName=node0
2022-09-06 14:08:50,340 [Start Help Server] INFO  org.eclipse.jetty.server.session - No SessionScavenger set, using defaults
2022-09-06 14:08:50,341 [Start Help Server] INFO  org.eclipse.jetty.server.session - node0 Scavenging every 660000ms
2022-09-06 14:08:50,364 [Start Help Server] INFO  o.e.j.server.handler.ContextHandler - Started o.e.j.s.ServletContextHandler@535326d6{/help,null,AVAILABLE}
2022-09-06 14:08:50,371 [Start Help Server] INFO  o.e.jetty.server.AbstractConnector - Started ServerConnector@5429bdc6{HTTP/1.1, (http/1.1)}{127.0.0.1:49374}
2022-09-06 14:08:50,372 [Start Help Server] INFO  org.eclipse.jetty.server.Server - Started @2754711ms
2022-09-06 14:08:50,372 [Start Help Server] INFO  org.eclipse.jetty.server.session - node0 Scavenging every 726000ms
2022-09-07 13:54:33,156 [Worker-8: Loading available Gradle versions] INFO  o.e.b.c.i.u.g.PublishedGradleVersions - Gradle version information cache is out-of-date. Trying to update.
2022-09-07 17:14:38,182 [Start Help Server] INFO  org.eclipse.jetty.util.log - Logging initialized @12089360ms to org.eclipse.jetty.util.log.Slf4jLog
2022-09-07 17:14:38,297 [Start Help Server] INFO  org.eclipse.jetty.server.Server - jetty-9.4.37.v20210219; built: 2021-02-23T06:49:41.320Z; git: 27afab2bd37780d179836e313e0fe11bc4fa0ce9; jvm 18.0.2.1+1-1
2022-09-07 17:14:38,309 [Start Help Server] INFO  org.eclipse.jetty.server.session - DefaultSessionIdManager workerName=node0
2022-09-07 17:14:38,310 [Start Help Server] INFO  org.eclipse.jetty.server.session - No SessionScavenger set, using defaults
2022-09-07 17:14:38,310 [Start Help Server] INFO  org.eclipse.jetty.server.session - node0 Scavenging every 660000ms
2022-09-07 17:14:38,329 [Start Help Server] INFO  o.e.j.server.handler.ContextHandler - Started o.e.j.s.ServletContextHandler@807b1b8{/help,null,AVAILABLE}
2022-09-07 17:14:38,352 [Start Help Server] INFO  o.e.jetty.server.AbstractConnector - Started ServerConnector@728ad9a8{HTTP/1.1, (http/1.1)}{127.0.0.1:56286}
2022-09-07 17:14:38,352 [Start Help Server] INFO  org.eclipse.jetty.server.Server - Started @12089538ms
2022-09-07 17:14:38,352 [Start Help Server] INFO  org.eclipse.jetty.server.session - node0 Scavenging every 726000ms
2022-09-07 20:54:36,634 [Stop Help Server] INFO  o.e.jetty.server.AbstractConnector - Stopped ServerConnector@728ad9a8{HTTP/1.1, (http/1.1)}{127.0.0.1:0}
2022-09-07 20:54:36,634 [Stop Help Server] INFO  org.eclipse.jetty.server.session - node0 Stopped scavenging
2022-09-07 20:54:36,640 [Stop Help Server] INFO  o.e.j.server.handler.ContextHandler - Stopped o.e.j.s.ServletContextHandler@807b1b8{/help,null,STOPPED}
2022-09-07 20:54:49,711 [Worker-4: Loading available Gradle versions] INFO  o.e.b.c.i.u.g.PublishedGradleVersions - Gradle version information cache is up-to-date. Trying to read.
2022-09-08 10:39:04,874 [Worker-7: Loading available Gradle versions] INFO  o.e.b.c.i.u.g.PublishedGradleVersions - Gradle version information cache is up-to-date. Trying to read.
